Listening for transport dt_socket at address: 9000
31-Jul-2015 11:34:35.283 SEVERE [main] org.apache.catalina.startup.Catalina.initDirs Cannot find specified temporary folder at /home/cb-admin1/myrepo/training/userDetails/tomcat/temp
31-Jul-2015 11:34:35.756 WARNING [main] org.apache.catalina.core.StandardContext.setPath A context path must either be an empty string or start with a '/' and do not end with a '/'. The path [/] does not meet these criteria and has been changed to []
31-Jul-2015 11:34:35.758 WARNING [main] org.apache.tomcat.util.digester.SetPropertiesRule.begin [SetPropertiesRule]{Server/Service/Engine/Host/Context} Setting property 'debug' to '0' did not find a matching property.
31-Jul-2015 11:34:35.758 WARNING [main] org.apache.tomcat.util.digester.SetPropertiesRule.begin [SetPropertiesRule]{Server/Service/Engine/Host/Context} Setting property 'disableURLRewriting' to 'true' did not find a matching property.
31-Jul-2015 11:34:35.799 WARNING [main] org.apache.tomcat.util.digester.SetPropertiesRule.begin [SetPropertiesRule]{Server/Service/Engine/Host/Valve} Setting property 'resolveHosts' to 'false' did not find a matching property.
31-Jul-2015 11:34:35.801 INFO [main] org.apache.catalina.startup.VersionLoggerListener.log Server version:        Apache Tomcat/8.0.21
31-Jul-2015 11:34:35.801 INFO [main] org.apache.catalina.startup.VersionLoggerListener.log Server built:          Mar 23 2015 14:11:21 UTC
31-Jul-2015 11:34:35.801 INFO [main] org.apache.catalina.startup.VersionLoggerListener.log Server number:         8.0.21.0
31-Jul-2015 11:34:35.802 INFO [main] org.apache.catalina.startup.VersionLoggerListener.log OS Name:               Linux
31-Jul-2015 11:34:35.802 INFO [main] org.apache.catalina.startup.VersionLoggerListener.log OS Version:            3.13.0-59-generic
31-Jul-2015 11:34:35.802 INFO [main] org.apache.catalina.startup.VersionLoggerListener.log Architecture:          amd64
31-Jul-2015 11:34:35.802 INFO [main] org.apache.catalina.startup.VersionLoggerListener.log Java Home:             /usr/lib/jvm/jdk1.8.0_05/jre
31-Jul-2015 11:34:35.802 INFO [main] org.apache.catalina.startup.VersionLoggerListener.log JVM Version:           1.8.0_05-b13
31-Jul-2015 11:34:35.802 INFO [main] org.apache.catalina.startup.VersionLoggerListener.log JVM Vendor:            Oracle Corporation
31-Jul-2015 11:34:35.802 INFO [main] org.apache.catalina.startup.VersionLoggerListener.log CATALINA_BASE:         /home/cb-admin1/myrepo/training/userDetails/tomcat
31-Jul-2015 11:34:35.802 INFO [main] org.apache.catalina.startup.VersionLoggerListener.log CATALINA_HOME:         /home/cb-admin1/myrepo/training/userDetails/tomcat
31-Jul-2015 11:34:35.803 INFO [main] org.apache.catalina.startup.VersionLoggerListener.log Command line argument: -Djava.util.logging.config.file=/home/cb-admin1/myrepo/training/userDetails/tomcat/conf/logging.properties
31-Jul-2015 11:34:35.803 INFO [main] org.apache.catalina.startup.VersionLoggerListener.log Command line argument: -Djava.util.logging.manager=org.apache.juli.ClassLoaderLogManager
31-Jul-2015 11:34:35.803 INFO [main] org.apache.catalina.startup.VersionLoggerListener.log Command line argument: -verbose:gc
31-Jul-2015 11:34:35.803 INFO [main] org.apache.catalina.startup.VersionLoggerListener.log Command line argument: -Xloggc:../logs/gc.log
31-Jul-2015 11:34:35.803 INFO [main] org.apache.catalina.startup.VersionLoggerListener.log Command line argument: -Dorg.apache.catalina.SESSION_COOKIE_NAME=SESSION
31-Jul-2015 11:34:35.803 INFO [main] org.apache.catalina.startup.VersionLoggerListener.log Command line argument: -Dorg.apache.catalina.SESSION_PARAMETER_NAME=SESSION
31-Jul-2015 11:34:35.803 INFO [main] org.apache.catalina.startup.VersionLoggerListener.log Command line argument: -Dfswatch.sleep_time=50
31-Jul-2015 11:34:35.803 INFO [main] org.apache.catalina.startup.VersionLoggerListener.log Command line argument: -Xmx1024M
31-Jul-2015 11:34:35.803 INFO [main] org.apache.catalina.startup.VersionLoggerListener.log Command line argument: -Xms1024M
31-Jul-2015 11:34:35.803 INFO [main] org.apache.catalina.startup.VersionLoggerListener.log Command line argument: -XX:+UseG1GC
31-Jul-2015 11:34:35.803 INFO [main] org.apache.catalina.startup.VersionLoggerListener.log Command line argument: -XX:MaxGCPauseMillis=500
31-Jul-2015 11:34:35.804 INFO [main] org.apache.catalina.startup.VersionLoggerListener.log Command line argument: -Dtomcat.ctx.reloadable=true
31-Jul-2015 11:34:35.804 INFO [main] org.apache.catalina.startup.VersionLoggerListener.log Command line argument: -Dtomcat.access.logs.dir=logs
31-Jul-2015 11:34:35.804 INFO [main] org.apache.catalina.startup.VersionLoggerListener.log Command line argument: -Dcb.base.dir=../..
31-Jul-2015 11:34:35.804 INFO [main] org.apache.catalina.startup.VersionLoggerListener.log Command line argument: -Dorg.apache.catalina.startup.EXIT_ON_INIT_FAILURE=true
31-Jul-2015 11:34:35.804 INFO [main] org.apache.catalina.startup.VersionLoggerListener.log Command line argument: -Denv.class=com.chargebee.controlserver.ControlServerEnv
31-Jul-2015 11:34:35.804 INFO [main] org.apache.catalina.startup.VersionLoggerListener.log Command line argument: -Dcb.env.conf=../../conf/environment.conf
31-Jul-2015 11:34:35.804 INFO [main] org.apache.catalina.startup.VersionLoggerListener.log Command line argument: -Daws.setup.env.conf.dir=../../conf
31-Jul-2015 11:34:35.804 INFO [main] org.apache.catalina.startup.VersionLoggerListener.log Command line argument: -agentlib:jdwp=transport=dt_socket,address=localhost:9000,server=y,suspend=n
31-Jul-2015 11:34:35.804 INFO [main] org.apache.catalina.startup.VersionLoggerListener.log Command line argument: -Djava.endorsed.dirs=/home/cb-admin1/myrepo/training/userDetails/tomcat/endorsed
31-Jul-2015 11:34:35.805 INFO [main] org.apache.catalina.startup.VersionLoggerListener.log Command line argument: -Dcatalina.base=/home/cb-admin1/myrepo/training/userDetails/tomcat
31-Jul-2015 11:34:35.805 INFO [main] org.apache.catalina.startup.VersionLoggerListener.log Command line argument: -Dcatalina.home=/home/cb-admin1/myrepo/training/userDetails/tomcat
31-Jul-2015 11:34:35.805 INFO [main] org.apache.catalina.startup.VersionLoggerListener.log Command line argument: -Djava.io.tmpdir=/home/cb-admin1/myrepo/training/userDetails/tomcat/temp
31-Jul-2015 11:34:35.805 INFO [main] org.apache.catalina.core.AprLifecycleListener.lifecycleEvent The APR based Apache Tomcat Native library which allows optimal performance in production environments was not found on the java.library.path: /usr/java/packages/lib/amd64:/usr/lib64:/lib64:/lib:/usr/lib
31-Jul-2015 11:34:35.992 INFO [main] org.apache.coyote.AbstractProtocol.init Initializing ProtocolHandler ["http-nio-9090"]
31-Jul-2015 11:34:36.007 INFO [main] org.apache.tomcat.util.net.NioSelectorPool.getSharedSelector Using a shared selector for servlet write/read
31-Jul-2015 11:34:36.010 INFO [main] org.apache.catalina.startup.Catalina.load Initialization processed in 728 ms
31-Jul-2015 11:34:36.047 INFO [main] org.apache.catalina.core.StandardService.startInternal Starting service Catalina
31-Jul-2015 11:34:36.047 INFO [main] org.apache.catalina.core.StandardEngine.startInternal Starting Servlet Engine: Apache Tomcat/8.0.21
31-Jul-2015 11:34:37.343 INFO [localhost-startStop-1] org.apache.jasper.servlet.TldScanner.scanJars At least one JAR was scanned for TLDs yet contained no TLDs. Enable debug logging for this logger for a complete list of JARs that were scanned but no TLDs were found in them. Skipping unneeded JARs during scanning can improve startup time and JSP compilation time.
31-Jul-2015 11:34:37.437 INFO [main] org.apache.coyote.AbstractProtocol.start Starting ProtocolHandler ["http-nio-9090"]
31-Jul-2015 11:34:37.449 INFO [main] org.apache.catalina.startup.Catalina.start Server startup in 1438 ms
31-Jul-2015 12:39:47.926 INFO [ContainerBackgroundProcessor[StandardEngine[Catalina]]] org.apache.catalina.core.StandardContext.reload Reloading Context with name [] has started
31-Jul-2015 12:39:47.935 WARNING [ContainerBackgroundProcessor[StandardEngine[Catalina]]] org.apache.catalina.loader.WebappClassLoaderBase.clearReferencesThreads The web application [ROOT] appears to have started a thread named [Abandoned connection cleanup thread] but has failed to stop it. This is very likely to create a memory leak. Stack trace of thread:
 java.lang.Object.wait(Native Method)
 java.lang.ref.ReferenceQueue.remove(ReferenceQueue.java:142)
 com.mysql.jdbc.AbandonedConnectionCleanupThread.run(AbandonedConnectionCleanupThread.java:40)
31-Jul-2015 12:39:48.574 INFO [ContainerBackgroundProcessor[StandardEngine[Catalina]]] org.apache.catalina.core.StandardContext.reload Reloading Context with name [] is completed
31-Jul-2015 12:59:18.693 INFO [ContainerBackgroundProcessor[StandardEngine[Catalina]]] org.apache.catalina.core.StandardContext.reload Reloading Context with name [] has started
31-Jul-2015 12:59:19.433 INFO [ContainerBackgroundProcessor[StandardEngine[Catalina]]] org.apache.catalina.core.StandardContext.reload Reloading Context with name [] is completed
31-Jul-2015 13:01:09.452 INFO [ContainerBackgroundProcessor[StandardEngine[Catalina]]] org.apache.catalina.core.StandardContext.reload Reloading Context with name [] has started
31-Jul-2015 13:01:10.097 INFO [ContainerBackgroundProcessor[StandardEngine[Catalina]]] org.apache.catalina.core.StandardContext.reload Reloading Context with name [] is completed
Listening for transport dt_socket at address: 9000
com.mysql.jdbc.exceptions.jdbc4.MySQLIntegrityConstraintViolationException: Duplicate entry '' for key 'email'
com.mysql.jdbc.exceptions.jdbc4.MySQLIntegrityConstraintViolationException: Duplicate entry '' for key 'email'
com.mysql.jdbc.JDBC4PreparedStatement@4900db: insert into address (userid,line1,line2,city,state,country,zip,fname,lname) values('14','','','','','','','chitra','Lakshmanan')
31-Jul-2015 15:29:06.975 INFO [ContainerBackgroundProcessor[StandardEngine[Catalina]]] org.apache.catalina.core.StandardContext.reload Reloading Context with name [] has started
31-Jul-2015 15:29:07.680 INFO [ContainerBackgroundProcessor[StandardEngine[Catalina]]] org.apache.catalina.core.StandardContext.reload Reloading Context with name [] is completed
