10-Aug-2015 15:10:33.100 SEVERE [main] org.apache.catalina.startup.Catalina.initDirs Cannot find specified temporary folder at /home/cb-admin1/myrepo/training/userDetails/tomcat/temp
10-Aug-2015 15:10:33.815 WARNING [main] org.apache.catalina.core.StandardContext.setPath A context path must either be an empty string or start with a '/' and do not end with a '/'. The path [/] does not meet these criteria and has been changed to []
10-Aug-2015 15:10:33.817 WARNING [main] org.apache.tomcat.util.digester.SetPropertiesRule.begin [SetPropertiesRule]{Server/Service/Engine/Host/Context} Setting property 'debug' to '0' did not find a matching property.
10-Aug-2015 15:10:33.818 WARNING [main] org.apache.tomcat.util.digester.SetPropertiesRule.begin [SetPropertiesRule]{Server/Service/Engine/Host/Context} Setting property 'disableURLRewriting' to 'true' did not find a matching property.
10-Aug-2015 15:10:33.865 WARNING [main] org.apache.tomcat.util.digester.SetPropertiesRule.begin [SetPropertiesRule]{Server/Service/Engine/Host/Valve} Setting property 'resolveHosts' to 'false' did not find a matching property.
10-Aug-2015 15:10:33.867 INFO [main] org.apache.catalina.startup.VersionLoggerListener.log Server version:        Apache Tomcat/8.0.21
10-Aug-2015 15:10:33.867 INFO [main] org.apache.catalina.startup.VersionLoggerListener.log Server built:          Mar 23 2015 14:11:21 UTC
10-Aug-2015 15:10:33.867 INFO [main] org.apache.catalina.startup.VersionLoggerListener.log Server number:         8.0.21.0
10-Aug-2015 15:10:33.867 INFO [main] org.apache.catalina.startup.VersionLoggerListener.log OS Name:               Linux
10-Aug-2015 15:10:33.867 INFO [main] org.apache.catalina.startup.VersionLoggerListener.log OS Version:            3.13.0-61-generic
10-Aug-2015 15:10:33.868 INFO [main] org.apache.catalina.startup.VersionLoggerListener.log Architecture:          amd64
10-Aug-2015 15:10:33.868 INFO [main] org.apache.catalina.startup.VersionLoggerListener.log Java Home:             /usr/lib/jvm/jdk1.8.0_05/jre
10-Aug-2015 15:10:33.868 INFO [main] org.apache.catalina.startup.VersionLoggerListener.log JVM Version:           1.8.0_05-b13
10-Aug-2015 15:10:33.868 INFO [main] org.apache.catalina.startup.VersionLoggerListener.log JVM Vendor:            Oracle Corporation
10-Aug-2015 15:10:33.868 INFO [main] org.apache.catalina.startup.VersionLoggerListener.log CATALINA_BASE:         /home/cb-admin1/myrepo/training/userDetails/tomcat
10-Aug-2015 15:10:33.868 INFO [main] org.apache.catalina.startup.VersionLoggerListener.log CATALINA_HOME:         /home/cb-admin1/myrepo/training/userDetails/tomcat
10-Aug-2015 15:10:33.868 INFO [main] org.apache.catalina.startup.VersionLoggerListener.log Command line argument: -Djava.util.logging.config.file=/home/cb-admin1/myrepo/training/userDetails/tomcat/conf/logging.properties
10-Aug-2015 15:10:33.868 INFO [main] org.apache.catalina.startup.VersionLoggerListener.log Command line argument: -Djava.util.logging.manager=org.apache.juli.ClassLoaderLogManager
10-Aug-2015 15:10:33.869 INFO [main] org.apache.catalina.startup.VersionLoggerListener.log Command line argument: -verbose:gc
10-Aug-2015 15:10:33.869 INFO [main] org.apache.catalina.startup.VersionLoggerListener.log Command line argument: -Xloggc:../logs/gc.log
10-Aug-2015 15:10:33.869 INFO [main] org.apache.catalina.startup.VersionLoggerListener.log Command line argument: -Dorg.apache.catalina.SESSION_COOKIE_NAME=SESSION
10-Aug-2015 15:10:33.869 INFO [main] org.apache.catalina.startup.VersionLoggerListener.log Command line argument: -Dorg.apache.catalina.SESSION_PARAMETER_NAME=SESSION
10-Aug-2015 15:10:33.869 INFO [main] org.apache.catalina.startup.VersionLoggerListener.log Command line argument: -Dfswatch.sleep_time=50
10-Aug-2015 15:10:33.869 INFO [main] org.apache.catalina.startup.VersionLoggerListener.log Command line argument: -Xmx1024M
10-Aug-2015 15:10:33.869 INFO [main] org.apache.catalina.startup.VersionLoggerListener.log Command line argument: -Xms1024M
10-Aug-2015 15:10:33.869 INFO [main] org.apache.catalina.startup.VersionLoggerListener.log Command line argument: -XX:+UseG1GC
10-Aug-2015 15:10:33.869 INFO [main] org.apache.catalina.startup.VersionLoggerListener.log Command line argument: -XX:MaxGCPauseMillis=500
10-Aug-2015 15:10:33.869 INFO [main] org.apache.catalina.startup.VersionLoggerListener.log Command line argument: -Dtomcat.ctx.reloadable=true
10-Aug-2015 15:10:33.869 INFO [main] org.apache.catalina.startup.VersionLoggerListener.log Command line argument: -Dtomcat.access.logs.dir=logs
10-Aug-2015 15:10:33.870 INFO [main] org.apache.catalina.startup.VersionLoggerListener.log Command line argument: -Dcb.base.dir=../..
10-Aug-2015 15:10:33.870 INFO [main] org.apache.catalina.startup.VersionLoggerListener.log Command line argument: -Dorg.apache.catalina.startup.EXIT_ON_INIT_FAILURE=true
10-Aug-2015 15:10:33.870 INFO [main] org.apache.catalina.startup.VersionLoggerListener.log Command line argument: -Denv.class=com.chargebee.controlserver.ControlServerEnv
10-Aug-2015 15:10:33.870 INFO [main] org.apache.catalina.startup.VersionLoggerListener.log Command line argument: -Dcb.env.conf=../../conf/environment.conf
10-Aug-2015 15:10:33.870 INFO [main] org.apache.catalina.startup.VersionLoggerListener.log Command line argument: -Daws.setup.env.conf.dir=../../conf
10-Aug-2015 15:10:33.870 INFO [main] org.apache.catalina.startup.VersionLoggerListener.log Command line argument: -agentlib:jdwp=transport=dt_socket,address=localhost:9000,server=y,suspend=n
10-Aug-2015 15:10:33.870 INFO [main] org.apache.catalina.startup.VersionLoggerListener.log Command line argument: -Djava.endorsed.dirs=/home/cb-admin1/myrepo/training/userDetails/tomcat/endorsed
10-Aug-2015 15:10:33.870 INFO [main] org.apache.catalina.startup.VersionLoggerListener.log Command line argument: -Dcatalina.base=/home/cb-admin1/myrepo/training/userDetails/tomcat
10-Aug-2015 15:10:33.870 INFO [main] org.apache.catalina.startup.VersionLoggerListener.log Command line argument: -Dcatalina.home=/home/cb-admin1/myrepo/training/userDetails/tomcat
10-Aug-2015 15:10:33.870 INFO [main] org.apache.catalina.startup.VersionLoggerListener.log Command line argument: -Djava.io.tmpdir=/home/cb-admin1/myrepo/training/userDetails/tomcat/temp
10-Aug-2015 15:10:33.871 INFO [main] org.apache.catalina.core.AprLifecycleListener.lifecycleEvent The APR based Apache Tomcat Native library which allows optimal performance in production environments was not found on the java.library.path: /usr/java/packages/lib/amd64:/usr/lib64:/lib64:/lib:/usr/lib
10-Aug-2015 15:10:34.149 INFO [main] org.apache.coyote.AbstractProtocol.init Initializing ProtocolHandler ["http-nio-9090"]
10-Aug-2015 15:10:34.187 INFO [main] org.apache.tomcat.util.net.NioSelectorPool.getSharedSelector Using a shared selector for servlet write/read
10-Aug-2015 15:10:34.191 INFO [main] org.apache.catalina.startup.Catalina.load Initialization processed in 1092 ms
10-Aug-2015 15:10:34.260 INFO [main] org.apache.catalina.core.StandardService.startInternal Starting service Catalina
10-Aug-2015 15:10:34.260 INFO [main] org.apache.catalina.core.StandardEngine.startInternal Starting Servlet Engine: Apache Tomcat/8.0.21
10-Aug-2015 15:10:36.140 INFO [localhost-startStop-1] org.apache.jasper.servlet.TldScanner.scanJars At least one JAR was scanned for TLDs yet contained no TLDs. Enable debug logging for this logger for a complete list of JARs that were scanned but no TLDs were found in them. Skipping unneeded JARs during scanning can improve startup time and JSP compilation time.
10-Aug-2015 15:10:36.342 INFO [main] org.apache.coyote.AbstractProtocol.start Starting ProtocolHandler ["http-nio-9090"]
10-Aug-2015 15:10:36.362 INFO [main] org.apache.catalina.startup.Catalina.start Server startup in 2171 ms
